Begin Log
2021-06-09 17:57:28.8387
::1

Message:
Incorrect Content-Type: 
Stack Trace:
   at Microsoft.AspNetCore.Http.Features.FormFeature.ReadForm()
   at Microsoft.AspNetCore.Http.DefaultHttpRequest.get_Form()
   at ApiIntegrasiSIAP.Models.UploadDanaRumah.Validate(HttpContext http) in D:\Home\Project\netcore\ApiIntegrasiSIAP\Models\UploadDanaRumah.cs:line 98
   at ApiIntegrasiSIAP.Controllers.ApiController.DanaRumah() in D:\Home\Project\netcore\ApiIntegrasiSIAP\Controllers\ApiController.cs:line 64
Request:
Header
[{"Key":"Accept","Value":["*/*"]},{"Key":"Accept-Encoding","Value":["gzip, deflate, br"]},{"Key":"Cache-Control","Value":["no-cache"]},{"Key":"Connection","Value":["keep-alive"]},{"Key":"Content-Length","Value":["0"]},{"Key":"Host","Value":["localhost:62698"]},{"Key":"User-Agent","Value":["PostmanRuntime/7.28.0"]},{"Key":"Postman-Token","Value":["f84e6614-2963-424f-beb4-6ec9128f7832"]}]
Body


End Log
Begin Log
2021-06-09 18:01:14.1124
::1

Message:
Incorrect Content-Type: 
Stack Trace:
   at Microsoft.AspNetCore.Http.Features.FormFeature.ReadForm()
   at Microsoft.AspNetCore.Http.DefaultHttpRequest.get_Form()
   at ApiIntegrasiSIAP.Models.UploadDanaRumah.Validate(HttpContext http) in D:\Home\Project\netcore\ApiIntegrasiSIAP\Models\UploadDanaRumah.cs:line 98
   at ApiIntegrasiSIAP.Controllers.ApiController.DanaRumah() in D:\Home\Project\netcore\ApiIntegrasiSIAP\Controllers\ApiController.cs:line 64
Request:
Header
[{"Key":"Accept","Value":["*/*"]},{"Key":"Accept-Encoding","Value":["gzip, deflate, br"]},{"Key":"Cache-Control","Value":["no-cache"]},{"Key":"Connection","Value":["keep-alive"]},{"Key":"Content-Length","Value":["0"]},{"Key":"Host","Value":["localhost:62698"]},{"Key":"User-Agent","Value":["PostmanRuntime/7.28.0"]},{"Key":"Postman-Token","Value":["c5e452dd-4ea9-45f1-a6a8-2f533468b1f8"]}]
Body


End Log
